action: GLOB, msg: packaging
cwd: /Users/DBelai/Code/gtin
cmd: /usr/local/opt/python@3.9/bin/python3.9 setup.py sdist --formats=zip --dist-dir .tox/dist
running sdist
running egg_info
writing gtin.egg-info/PKG-INFO
writing dependency_links to gtin.egg-info/dependency_links.txt
writing entry points to gtin.egg-info/entry_points.txt
writing top-level names to gtin.egg-info/top_level.txt
reading manifest file 'gtin.egg-info/SOURCES.txt'
writing manifest file 'gtin.egg-info/SOURCES.txt'
running check
warning: Check: missing meta-data: either (author and author_email) or (maintainer and maintainer_email) should be supplied

creating gtin-1.0.1631641032
creating gtin-1.0.1631641032/gtin
creating gtin-1.0.1631641032/gtin.egg-info
copying files to gtin-1.0.1631641032...
copying README.md -> gtin-1.0.1631641032
copying pyproject.toml -> gtin-1.0.1631641032
copying setup.cfg -> gtin-1.0.1631641032
copying setup.py -> gtin-1.0.1631641032
copying gtin/GCPPrefixFormatList.xml -> gtin-1.0.1631641032/gtin
copying gtin/__init__.py -> gtin-1.0.1631641032/gtin
copying gtin/__main__.py -> gtin-1.0.1631641032/gtin
copying gtin.egg-info/PKG-INFO -> gtin-1.0.1631641032/gtin.egg-info
copying gtin.egg-info/SOURCES.txt -> gtin-1.0.1631641032/gtin.egg-info
copying gtin.egg-info/dependency_links.txt -> gtin-1.0.1631641032/gtin.egg-info
copying gtin.egg-info/entry_points.txt -> gtin-1.0.1631641032/gtin.egg-info
copying gtin.egg-info/top_level.txt -> gtin-1.0.1631641032/gtin.egg-info
Writing gtin-1.0.1631641032/setup.cfg
creating '.tox/dist/gtin-1.0.1631641032.zip' and adding 'gtin-1.0.1631641032' to it
adding 'gtin-1.0.1631641032'
adding 'gtin-1.0.1631641032/gtin.egg-info'
adding 'gtin-1.0.1631641032/gtin'
adding 'gtin-1.0.1631641032/PKG-INFO'
adding 'gtin-1.0.1631641032/pyproject.toml'
adding 'gtin-1.0.1631641032/README.md'
adding 'gtin-1.0.1631641032/setup.py'
adding 'gtin-1.0.1631641032/setup.cfg'
adding 'gtin-1.0.1631641032/gtin.egg-info/PKG-INFO'
adding 'gtin-1.0.1631641032/gtin.egg-info/SOURCES.txt'
adding 'gtin-1.0.1631641032/gtin.egg-info/entry_points.txt'
adding 'gtin-1.0.1631641032/gtin.egg-info/top_level.txt'
adding 'gtin-1.0.1631641032/gtin.egg-info/dependency_links.txt'
adding 'gtin-1.0.1631641032/gtin/GCPPrefixFormatList.xml'
adding 'gtin-1.0.1631641032/gtin/__init__.py'
adding 'gtin-1.0.1631641032/gtin/__main__.py'
removing 'gtin-1.0.1631641032' (and everything under it)
